<?xml version="1.0" encoding="UTF-8"?>
<!-- Generated by org.testng.reporters.JUnitXMLReporter -->
<testsuite ignored="0" hostname="DESKTOP-SE4MMBS" failures="0" tests="2" name="Run on CHROME" time="14.179" errors="0" timestamp="05 Jul 2022 02:51:26 GMT">
  <testcase classname="com.nopcommerce.user.Level_14_Log_Report_TestNG" name="User_01_Register" time="4.087"/>
  <testcase classname="com.nopcommerce.user.Level_14_Log_Report_TestNG" name="User_02_Login" time="2.71"/>
</testsuite> <!-- Run on CHROME -->
