<?xml version="1.0" encoding="UTF-8"?>
<testng-results ignored="0" total="2" passed="2" failed="0" skipped="0">
  <reporter-output>
    <line>
      <![CDATA[[2022-07-05 09:51:18,595] Register - step 01: Navigate to 'register' page
<br>]]>
    </line>
    <line>
      <![CDATA[[2022-07-05 09:51:19,289] Register - step 02 : enter to firstname textbox with value is 'Automation'
<br>]]>
    </line>
    <line>
      <![CDATA[[2022-07-05 09:51:19,482] Register - step 03 : enter to lastName textbox with value is 'FC'
<br>]]>
    </line>
    <line>
      <![CDATA[[2022-07-05 09:51:19,657] Register - step 04 : enter to emailAddress textbox with value is 'afc9332@gmail.vn'
<br>]]>
    </line>
    <line>
      <![CDATA[[2022-07-05 09:51:19,848] Register - step 05 : enter to validPassword textbox with value is '123456'
<br>]]>
    </line>
    <line>
      <![CDATA[[2022-07-05 09:51:20,037] Register - step 06 : enter to confirmPassword textbox with value is '123456'
<br>]]>
    </line>
    <line>
      <![CDATA[[2022-07-05 09:51:20,206] Register - step 07 : click to Register button
<br>]]>
    </line>
    <line>
      <![CDATA[[2022-07-05 09:51:21,694] Register - step 08 : Verify register sucess message is displayed
<br>]]>
    </line>
    <line>
      <![CDATA[[2022-07-05 09:51:21,768] Register - step 09 : click to logout link
<br>]]>
    </line>
    <line>
      <![CDATA[[2022-07-05 09:51:22,761] Login - step 01: Navigate to login page
<br>]]>
    </line>
    <line>
      <![CDATA[[2022-07-05 09:51:23,458] Login - step 02: Enter to Email textbox with values is 'afc9332@gmail.vn'
<br>]]>
    </line>
    <line>
      <![CDATA[[2022-07-05 09:51:23,695] Login - step 03: Enter to password textbox with values is '123456'
<br>]]>
    </line>
    <line>
      <![CDATA[[2022-07-05 09:51:23,848] Login - step 04: Click to login button
<br>]]>
    </line>
    <line>
      <![CDATA[[2022-07-05 09:51:24,607] Login - step 05: Verify 'My Account' link is displayed
<br>]]>
    </line>
    <line>
      <![CDATA[[2022-07-05 09:51:24,711] Login - step 06: Navigate to 'My account' page
<br>]]>
    </line>
    <line>
      <![CDATA[[2022-07-05 09:51:25,387] Login - step 07: Verify 'Customer Infor' page is displayed
<br>]]>
    </line>
  </reporter-output>
  <suite started-at="2022-07-05T02:51:12Z" name="NopCommerce - User" finished-at="2022-07-05T02:51:26Z" duration-ms="14179">
    <groups>
    </groups>
    <test started-at="2022-07-05T02:51:12Z" name="Run on CHROME" finished-at="2022-07-05T02:51:26Z" duration-ms="14179">
      <class name="com.nopcommerce.user.Level_14_Log_Report_TestNG">
        <test-method is-config="true" signature="initBeforeSuite()[pri:0, instance:com.nopcommerce.user.Level_14_Log_Report_TestNG@1023150a]" started-at="2022-07-05T02:51:12Z" name="initBeforeSuite" finished-at="2022-07-05T02:51:12Z" duration-ms="75" status="PASS">
          <reporter-output>
          </reporter-output>
        </test-method> <!-- initBeforeSuite -->
        <test-method is-config="true" signature="beforeClass(java.lang.String)[pri:0, instance:com.nopcommerce.user.Level_14_Log_Report_TestNG@1023150a]" started-at="2022-07-05T02:51:12Z" name="beforeClass" finished-at="2022-07-05T02:51:18Z" duration-ms="6261" status="PASS">
          <params>
            <param index="0">
              <value>
                <![CDATA[chrome]]>
              </value>
            </param>
          </params>
          <reporter-output>
          </reporter-output>
        </test-method> <!-- beforeClass -->
        <test-method signature="User_01_Register()[pri:0, instance:com.nopcommerce.user.Level_14_Log_Report_TestNG@1023150a]" started-at="2022-07-05T02:51:18Z" name="User_01_Register" finished-at="2022-07-05T02:51:22Z" duration-ms="4087" status="PASS">
          <reporter-output>
            <line>
              <![CDATA[[2022-07-05 09:51:18,595] Register - step 01: Navigate to 'register' page
<br>]]>
            </line>
            <line>
              <![CDATA[[2022-07-05 09:51:19,289] Register - step 02 : enter to firstname textbox with value is 'Automation'
<br>]]>
            </line>
            <line>
              <![CDATA[[2022-07-05 09:51:19,482] Register - step 03 : enter to lastName textbox with value is 'FC'
<br>]]>
            </line>
            <line>
              <![CDATA[[2022-07-05 09:51:19,657] Register - step 04 : enter to emailAddress textbox with value is 'afc9332@gmail.vn'
<br>]]>
            </line>
            <line>
              <![CDATA[[2022-07-05 09:51:19,848] Register - step 05 : enter to validPassword textbox with value is '123456'
<br>]]>
            </line>
            <line>
              <![CDATA[[2022-07-05 09:51:20,037] Register - step 06 : enter to confirmPassword textbox with value is '123456'
<br>]]>
            </line>
            <line>
              <![CDATA[[2022-07-05 09:51:20,206] Register - step 07 : click to Register button
<br>]]>
            </line>
            <line>
              <![CDATA[[2022-07-05 09:51:21,694] Register - step 08 : Verify register sucess message is displayed
<br>]]>
            </line>
            <line>
              <![CDATA[[2022-07-05 09:51:21,768] Register - step 09 : click to logout link
<br>]]>
            </line>
          </reporter-output>
        </test-method> <!-- User_01_Register -->
        <test-method signature="User_02_Login()[pri:0, instance:com.nopcommerce.user.Level_14_Log_Report_TestNG@1023150a]" started-at="2022-07-05T02:51:22Z" name="User_02_Login" finished-at="2022-07-05T02:51:25Z" duration-ms="2710" status="PASS">
          <reporter-output>
            <line>
              <![CDATA[[2022-07-05 09:51:22,761] Login - step 01: Navigate to login page
<br>]]>
            </line>
            <line>
              <![CDATA[[2022-07-05 09:51:23,458] Login - step 02: Enter to Email textbox with values is 'afc9332@gmail.vn'
<br>]]>
            </line>
            <line>
              <![CDATA[[2022-07-05 09:51:23,695] Login - step 03: Enter to password textbox with values is '123456'
<br>]]>
            </line>
            <line>
              <![CDATA[[2022-07-05 09:51:23,848] Login - step 04: Click to login button
<br>]]>
            </line>
            <line>
              <![CDATA[[2022-07-05 09:51:24,607] Login - step 05: Verify 'My Account' link is displayed
<br>]]>
            </line>
            <line>
              <![CDATA[[2022-07-05 09:51:24,711] Login - step 06: Navigate to 'My account' page
<br>]]>
            </line>
            <line>
              <![CDATA[[2022-07-05 09:51:25,387] Login - step 07: Verify 'Customer Infor' page is displayed
<br>]]>
            </line>
          </reporter-output>
        </test-method> <!-- User_02_Login -->
        <test-method is-config="true" signature="afterClass()[pri:0, instance:com.nopcommerce.user.Level_14_Log_Report_TestNG@1023150a]" started-at="2022-07-05T02:51:25Z" name="afterClass" finished-at="2022-07-05T02:51:26Z" duration-ms="858" status="PASS">
          <reporter-output>
          </reporter-output>
        </test-method> <!-- afterClass -->
      </class> <!-- com.nopcommerce.user.Level_14_Log_Report_TestNG -->
    </test> <!-- Run on CHROME -->
  </suite> <!-- NopCommerce - User -->
</testng-results>
